<?xml version="1.0" encoding="UTF-8"?>
<testsuites>
  <testsuite name="fastlane.lanes">
    
    
    
      
      <testcase classname="fastlane.lanes" name="0: default_platform" time="0.000119624">
        
      </testcase>
    
      
      <testcase classname="fastlane.lanes" name="1: assembleRelease" time="5.040330139">
        
          <failure message="/opt/fastlane/gems/fastlane-2.219.0/fastlane/lib/fastlane/actions/actions_helper.rb:67:in `execute_action&apos;&#10;/opt/fastlane/gems/fastlane-2.219.0/fastlane/lib/fastlane/runner.rb:255:in `block in execute_action&apos;&#10;/opt/fastlane/gems/fastlane-2.219.0/fastlane/lib/fastlane/runner.rb:229:in `chdir&apos;&#10;/opt/fastlane/gems/fastlane-2.219.0/fastlane/lib/fastlane/runner.rb:229:in `execute_action&apos;&#10;/opt/fastlane/gems/fastlane-2.219.0/fastlane/lib/fastlane/runner.rb:157:in `trigger_action_by_name&apos;&#10;/opt/fastlane/gems/fastlane-2.219.0/fastlane/lib/fastlane/fast_file.rb:159:in `method_missing&apos;&#10;Fastfile:46:in `block (2 levels) in parsing_binding&apos;&#10;/opt/fastlane/gems/fastlane-2.219.0/fastlane/lib/fastlane/lane.rb:41:in `call&apos;&#10;/opt/fastlane/gems/fastlane-2.219.0/fastlane/lib/fastlane/runner.rb:49:in `block in execute&apos;&#10;/opt/fastlane/gems/fastlane-2.219.0/fastlane/lib/fastlane/runner.rb:45:in `chdir&apos;&#10;/opt/fastlane/gems/fastlane-2.219.0/fastlane/lib/fastlane/runner.rb:45:in `execute&apos;&#10;/opt/fastlane/gems/fastlane-2.219.0/fastlane/lib/fastlane/lane_manager.rb:46:in `cruise_lane&apos;&#10;/opt/fastlane/gems/fastlane-2.219.0/fastlane/lib/fastlane/command_line_handler.rb:34:in `handle&apos;&#10;/opt/fastlane/gems/fastlane-2.219.0/fastlane/lib/fastlane/commands_generator.rb:110:in `block (2 levels) in run&apos;&#10;/opt/fastlane/gems/commander-4.6.0/lib/commander/command.rb:187:in `call&apos;&#10;/opt/fastlane/gems/commander-4.6.0/lib/commander/command.rb:157:in `run&apos;&#10;/opt/fastlane/gems/commander-4.6.0/lib/commander/runner.rb:444:in `run_active_command&apos;&#10;/opt/fastlane/gems/fastlane-2.219.0/fastlane_core/lib/fastlane_core/ui/fastlane_runner.rb:124:in `run!&apos;&#10;/opt/fastlane/gems/commander-4.6.0/lib/commander/delegates.rb:18:in `run!&apos;&#10;/opt/fastlane/gems/fastlane-2.219.0/fastlane/lib/fastlane/commands_generator.rb:354:in `run&apos;&#10;/opt/fastlane/gems/fastlane-2.219.0/fastlane/lib/fastlane/commands_generator.rb:43:in `start&apos;&#10;/opt/fastlane/gems/fastlane-2.219.0/fastlane/lib/fastlane/cli_tools_distributor.rb:123:in `take_off&apos;&#10;/opt/fastlane/gems/fastlane-2.219.0/bin/fastlane:23:in `&lt;top (required)&gt;&apos;&#10;/opt/fastlane/bin/fastlane:25:in `load&apos;&#10;/opt/fastlane/bin/fastlane:25:in `&lt;main&gt;&apos;&#10;&#10;Shell command exited with exit status 1 instead of 0.&#10;&#10;&gt; Configure project :desktopApp&#10;Project :desktopApp =&gt; no module-info.java found&#10;&#10;&gt; Configure project :shared&#10;w: The Default Kotlin Hierarchy Template was not applied to &apos;project &apos;:shared&apos;&apos;:&#10;Explicit .dependsOn() edges were configured for the following source sets:&#10;[androidMain, desktopMain, iosArm64Main, iosMain, iosSimulatorArm64Main, iosX64Main]&#10;&#10;Consider removing dependsOn-calls or disabling the default template by adding&#10;    &apos;kotlin.mpp.applyDefaultHierarchyTemplate=false&apos;&#10;to your gradle.properties&#10;&#10;Learn more about hierarchy templates: https://kotl.in/hierarchy-template&#10;&#10;WARNING: We recommend using a newer Android Gradle plugin to use compileSdk = 34&#10;&#10;This Android Gradle plugin (8.0.2) was tested up to compileSdk = 33.&#10;&#10;You are strongly encouraged to update your project to use a newer&#10;Android Gradle plugin that has been tested with compileSdk = 34.&#10;&#10;If you are already using the latest version of the Android Gradle plugin,&#10;you may need to wait until a newer version with support for compileSdk = 34 is available.&#10;&#10;To suppress this warning, add/update&#10;    android.suppressUnsupportedCompileSdk=34&#10;to this project&apos;s gradle.properties.&#10;&#10;&gt; Task :shared:preBuild UP-TO-DATE&#10;&gt; Task :shared:preReleaseBuild UP-TO-DATE&#10;&gt; Task :shared:mergeReleaseJniLibFolders UP-TO-DATE&#10;&gt; Task :shared:mergeReleaseNativeLibs NO-SOURCE&#10;&gt; Task :shared:stripReleaseDebugSymbols NO-SOURCE&#10;&gt; Task :shared:copyReleaseJniLibsProjectAndLocalJars UP-TO-DATE&#10;&gt; Task :shared:generateReleaseResValues UP-TO-DATE&#10;&gt; Task :shared:extractDeepLinksForAarRelease UP-TO-DATE&#10;&gt; Task :shared:checkKotlinGradlePluginConfigurationErrors&#10;&gt; Task :shared:generateReleaseResources UP-TO-DATE&#10;&gt; Task :shared:packageReleaseResources UP-TO-DATE&#10;&gt; Task :shared:parseReleaseLocalResources UP-TO-DATE&#10;&gt; Task :shared:processReleaseManifest UP-TO-DATE&#10;&gt; Task :shared:generateReleaseRFile UP-TO-DATE&#10;&gt; Task :shared:javaPreCompileRelease UP-TO-DATE&#10;&gt; Task :shared:mergeReleaseShaders UP-TO-DATE&#10;&gt; Task :shared:compileReleaseShaders NO-SOURCE&#10;&gt; Task :shared:generateReleaseAssets UP-TO-DATE&#10;&gt; Task :shared:packageReleaseAssets UP-TO-DATE&#10;&gt; Task :shared:prepareLintJarForPublish UP-TO-DATE&#10;&gt; Task :shared:prepareReleaseArtProfile UP-TO-DATE&#10;&gt; Task :shared:processReleaseJavaRes UP-TO-DATE&#10;&gt; Task :shared:writeReleaseAarMetadata UP-TO-DATE&#10;&gt; Task :androidApp:buildKotlinToolingMetadata UP-TO-DATE&#10;&gt; Task :androidApp:checkKotlinGradlePluginConfigurationErrors&#10;&gt; Task :androidApp:preBuild UP-TO-DATE&#10;&gt; Task :androidApp:preReleaseBuild UP-TO-DATE&#10;&gt; Task :androidApp:checkReleaseAarMetadata UP-TO-DATE&#10;&gt; Task :androidApp:generateReleaseResValues UP-TO-DATE&#10;&gt; Task :androidApp:mapReleaseSourceSetPaths UP-TO-DATE&#10;&gt; Task :androidApp:generateReleaseResources UP-TO-DATE&#10;&gt; Task :androidApp:mergeReleaseResources UP-TO-DATE&#10;&gt; Task :androidApp:packageReleaseResources UP-TO-DATE&#10;&gt; Task :androidApp:parseReleaseLocalResources UP-TO-DATE&#10;&gt; Task :androidApp:createReleaseCompatibleScreenManifests&#10;&gt; Task :androidApp:extractDeepLinksRelease UP-TO-DATE&#10;&gt; Task :shared:extractDeepLinksRelease UP-TO-DATE&#10;&#10;&gt; Task :androidApp:processReleaseMainManifest&#10;/home/tiebe/IdeaProjects/Frontend/androidApp/src/androidMain/AndroidManifest.xml:5:5-7:35 Warning:&#10;	uses-permission#android.permission.READ_PHONE_STATE was tagged at AndroidManifest.xml:5 to remove other declarations but no other declaration present&#10;&#10;&gt; Task :androidApp:processReleaseManifest&#10;&gt; Task :androidApp:processReleaseManifestForPackage UP-TO-DATE&#10;&gt; Task :shared:compileReleaseLibraryResources UP-TO-DATE&#10;&gt; Task :androidApp:javaPreCompileRelease UP-TO-DATE&#10;&gt; Task :androidApp:extractProguardFiles&#10;&gt; Task :shared:writeReleaseLintModelMetadata UP-TO-DATE&#10;&gt; Task :androidApp:mergeReleaseJniLibFolders UP-TO-DATE&#10;&gt; Task :shared:copyReleaseJniLibsProjectOnly UP-TO-DATE&#10;&gt; Task :androidApp:mergeReleaseNativeLibs NO-SOURCE&#10;&gt; Task :androidApp:stripReleaseDebugSymbols NO-SOURCE&#10;&gt; Task :androidApp:extractReleaseNativeSymbolTables NO-SOURCE&#10;&gt; Task :androidApp:mergeReleaseNativeDebugMetadata NO-SOURCE&#10;&gt; Task :androidApp:checkReleaseDuplicateClasses UP-TO-DATE&#10;&gt; Task :androidApp:desugarReleaseFileDependencies UP-TO-DATE&#10;&gt; Task :androidApp:mergeExtDexRelease UP-TO-DATE&#10;&gt; Task :androidApp:mergeReleaseArtProfile UP-TO-DATE&#10;&gt; Task :androidApp:mergeReleaseShaders UP-TO-DATE&#10;&gt; Task :androidApp:compileReleaseShaders NO-SOURCE&#10;&gt; Task :androidApp:generateReleaseAssets UP-TO-DATE&#10;&gt; Task :androidApp:mergeReleaseAssets UP-TO-DATE&#10;&gt; Task :androidApp:compressReleaseAssets&#10;&gt; Task :androidApp:processReleaseJavaRes NO-SOURCE&#10;&gt; Task :androidApp:collectReleaseDependencies UP-TO-DATE&#10;&gt; Task :androidApp:sdkReleaseDependencyData&#10;&gt; Task :androidApp:validateSigningRelease FAILED&#10;&gt; Task :androidApp:processReleaseResources&#10;&#10;&gt; Task :shared:compileReleaseKotlinAndroid&#10;w: file:///home/tiebe/IdeaProjects/Frontend/shared/src/commonMain/kotlin/ui/register/RegisterScreen.kt:32:13 Variable &apos;magisterScreenVisible&apos; is never used&#10;w: file:///home/tiebe/IdeaProjects/Frontend/shared/src/commonMain/kotlin/ui/register/RegisterScreen.kt:101:21 This is a delicate API and its use requires care. Make sure you fully read and understand documentation of the declaration that is marked as a delicate API.&#10;w: file:///home/tiebe/IdeaProjects/Frontend/shared/src/commonMain/kotlin/ui/verify/VerificationScreen.kt:20:24 Parameter &apos;component&apos; is never used&#10;&#10;FAILURE: Build failed with an exception.&#10;&#10;* What went wrong:&#10;Execution failed for task &apos;:androidApp:validateSigningRelease&apos;.&#10;&gt; Keystore file &apos;/home/tiebe/.gradle/daemon/8.2.1/keystore.jks&apos; not found for signing config &apos;externalOverride&apos;.&#10;&#10;* Try:&#10;&gt; Run with --stacktrace option to get the stack trace.&#10;&gt; Run with --info or --debug option to get more log output.&#10;&gt; Run with --scan to get full insights.&#10;&gt; Get more help at https://help.gradle.org.&#10;&#10;Deprecated Gradle features were used in this build, making it incompatible with Gradle 9.0.&#10;&#10;You can use &apos;--warning-mode all&apos; to show the individual deprecation warnings and determine if they come from your own scripts or plugins.&#10;&#10;For more on this, please refer to https://docs.gradle.org/8.2.1/userguide/command_line_interface.html#sec:command_line_warnings in the Gradle documentation.&#10;&#10;BUILD FAILED in 4s&#10;48 actionable tasks: 11 executed, 37 up-to-date&#10;" />
        
      </testcase>
    
  </testsuite>
</testsuites>
